<?xml version="1.0" encoding="utf-8"?><testsuites name="pytest tests"><testsuite name="pytest" errors="0" failures="0" skipped="0" tests="19" time="6.030" timestamp="2026-07-23T15:04:17.032131+00:00" hostname="agent-env-ff3626c8-413b-4eff-911c-ca98126cb1cf"><testcase classname="tests.test_backend.TestAuth" name="test_register_duplicate_returns_400" time="0.739" /><testcase classname="tests.test_backend.TestBusiness" name="test_get_business_never_exposes_raw_key" time="0.806" /><testcase classname="tests.test_backend.TestAuth" name="test_login_wrong_password_400" time="0.331" /><testcase classname="tests.test_backend.TestBusiness" name="test_patch_business_updates_fields" time="0.263" /><testcase classname="tests.test_backend.TestBusiness" name="test_settings_rejects_invalid_plan" time="0.388" /><testcase classname="tests.test_backend.TestAuth" name="test_login_success_returns_token" time="0.364" /><testcase classname="tests.test_backend.TestAuth" name="test_me_requires_token" time="0.354" /><testcase classname="tests.test_backend.TestBusiness" name="test_settings_updates_anthropic_key_masked" time="0.147" /><testcase classname="tests.test_backend.TestInvoicesLifecycle" name="test_full_invoice_lifecycle" time="1.387" /><testcase classname="tests.test_backend.TestAuth" name="test_me_with_valid_token" time="0.574" /><testcase classname="tests.test_backend.TestCustomers" name="test_customer_crud" time="0.534" /><testcase classname="tests.test_backend.TestInvoicesLifecycle" name="test_free_plan_lifetime_limit" time="0.936" /><testcase classname="tests.test_backend.TestCustomers" name="test_business_isolation" time="0.930" /><testcase classname="tests.test_backend.TestAIExtract" name="test_no_key_returns_400" time="0.636" /><testcase classname="tests.test_backend.TestInvoicesLifecycle" name="test_invoice_customer_from_other_business_rejected" time="0.649" /><testcase classname="tests.test_backend.TestHealth" name="test_health_ok" time="0.238" /><testcase classname="tests.test_backend.TestDashboard" name="test_dashboard_summary_shape" time="0.122" /><testcase classname="tests.test_backend.TestAIExtract" name="test_invalid_key_returns_502" time="0.819" /><testcase classname="tests.test_backend.TestCatalog" name="test_catalog_crud" time="0.370" /></testsuite></testsuites>